#
# There is insufficient memory for the Java Runtime Environment to continue.
# Native memory allocation (mmap) failed to map 268435456 bytes for Failed to commit area from 0x0000000700c00000 to 0x0000000710c00000 of length 268435456.
# Possible reasons:
#   The system is out of physical RAM or swap space
#   The process is running with CompressedOops enabled, and the Java Heap may be blocking the growth of the native heap
# Possible solutions:
#   Reduce memory load on the system
#   Increase physical memory or swap space
#   Check if swap backing store is full
#   Decrease Java heap size (-Xmx/-Xms)
#   Decrease number of Java threads
#   Decrease Java thread stack sizes (-Xss)
#   Set larger code cache with -XX:ReservedCodeCacheSize=
# This output file may be truncated or incomplete.
#
#  Out of Memory Error (./src/hotspot/os/windows/os_windows.cpp:3301), pid=5284, tid=5840
#
# JRE version:  (11.0.10) (build )
# Java VM: OpenJDK 64-Bit Server VM (11.0.10+0-b96-7249189, mixed mode, sharing, tiered, compressed oops, g1 gc, windows-amd64)
# No core dump will be written. Minidumps are not enabled by default on client versions of Windows
#

---------------  S U M M A R Y ------------

Command Line: org.jetbrains.kotlin.cli.jvm.K2JVMCompiler @C:\Users\Solo4\AndroidStudioProjects\BelMova\app\build\20210918_15468792626339213744.compiler.options

Host: AMD Ryzen 5 2600 Six-Core Processor            , 12 cores, 15G,  Windows 10 , 64 bit Build 17763 (10.0.17763.2090)
Time: Sat Sep 18 15:21:35 2021 RTZ 2 (ceia) elapsed time: 0.011082 seconds (0d 0h 0m 0s)

---------------  T H R E A D  ---------------

Current thread (0x000002497b64c800):  JavaThread "Unknown thread" [_thread_in_vm, id=5840, stack(0x000000a46dc00000,0x000000a46dd00000)]

Stack: [0x000000a46dc00000,0x000000a46dd00000]
Native frames: (J=compiled Java code, j=interpreted, Vv=VM code, C=native code)
V  [jvm.dll+0x5ecfaa]
V  [jvm.dll+0x722bd5]
V  [jvm.dll+0x72412d]
V  [jvm.dll+0x7247e3]
V  [jvm.dll+0x242928]
V  [jvm.dll+0x5ea374]
V  [jvm.dll+0x5df425]
V  [jvm.dll+0x2fdebb]
V  [jvm.dll+0x2fde2a]
V  [jvm.dll+0x2fdd02]
V  [jvm.dll+0x302bf6]
V  [jvm.dll+0x34b2a3]
V  [jvm.dll+0x34b9a6]
V  [jvm.dll+0x34b3a3]
V  [jvm.dll+0x2d8888]
V  [jvm.dll+0x2d9a37]
V  [jvm.dll+0x701737]
V  [jvm.dll+0x702f2c]
V  [jvm.dll+0x3587d9]
V  [jvm.dll+0x6e4fae]
V  [jvm.dll+0x3c0be3]
V  [jvm.dll+0x3c2e91]
C  [jli.dll+0x5373]
C  [ucrtbase.dll+0x2268a]
C  [KERNEL32.DLL+0x17974]
C  [ntdll.dll+0x5a2f1]


---------------  P R O C E S S  ---------------

Threads class SMR info:
_java_thread_list=0x00000249793a1210, length=0, elements={
}

Java Threads: ( => current thread )

Other Threads:
  0x000002497b664800 GCTaskThread "GC Thread#0" [stack: 0x000000a46dd00000,0x000000a46de00000] [id=11024]
  0x000002497b6c0000 ConcurrentGCThread "G1 Main Marker" [stack: 0x000000a46de00000,0x000000a46df00000] [id=8924]
  0x000002497b6c1800 ConcurrentGCThread "G1 Conc#0" [stack: 0x000000a46df00000,0x000000a46e000000] [id=5352]

[error occurred during error reporting (printing all threads), id 0xc0000005, EXCEPTION_ACCESS_VIOLATION (0xc0000005) at pc=0x00007ff8e20a9107]

VM state:not at safepoint (not fully initialized)

VM Mutex/Monitor currently owned by a thread:  ([mutex/lock_event])
[0x000002497b648d50] Heap_lock - owner thread: 0x000002497b64c800

Heap address: 0x0000000700c00000, size: 4084 MB, Compressed Oops mode: Non-zero based: 0x0000000700c00000
Narrow klass base: 0x0000000000000000, Narrow klass shift: 0

GC Heap History (0 events):
No events

Deoptimization events (0 events):
No events

Classes redefined (0 events):
No events

Internal exceptions (0 events):
No events

Events (1 events):
Event: 0.006 Loaded shared library C:\Program Files\Android\Android Studio\jre\bin\zip.dll


Dynamic libraries:
0x00007ff6a9550000 - 0x00007ff6a955a000 	C:\Program Files\Android\Android Studio\jre\bin\java.exe
0x00007ff9106e0000 - 0x00007ff9108cd000 	C:\Windows\SYSTEM32\ntdll.dll
0x00007ff90e8f0000 - 0x00007ff90e9a3000 	C:\Windows\System32\KERNEL32.DLL
0x00007ff90d670000 - 0x00007ff90d905000 	C:\Windows\System32\KERNELBASE.dll
0x00007ff90ca10000 - 0x00007ff90cb0a000 	C:\Windows\System32\ucrtbase.dll
0x00007ff8fbd10000 - 0x00007ff8fbd29000 	C:\Program Files\Android\Android Studio\jre\bin\jli.dll
0x00007ff8fb8b0000 - 0x00007ff8fb8c7000 	C:\Program Files\Android\Android Studio\jre\bin\VCRUNTIME140.dll
0x00007ff90d990000 - 0x00007ff90db28000 	C:\Windows\System32\USER32.dll
0x00007ff8fe1f0000 - 0x00007ff8fe469000 	C:\Windows\WinSxS\amd64_microsoft.windows.common-controls_6595b64144ccf1df_6.0.17763.2114_none_de6e8966534dbac6\COMCTL32.dll
0x00007ff90c9f0000 - 0x00007ff90ca10000 	C:\Windows\System32\win32u.dll
0x00007ff90db30000 - 0x00007ff90dbce000 	C:\Windows\System32\msvcrt.dll
0x00007ff9102d0000 - 0x00007ff9102f9000 	C:\Windows\System32\GDI32.dll
0x00007ff90d4d0000 - 0x00007ff90d66c000 	C:\Windows\System32\gdi32full.dll
0x00007ff90e020000 - 0x00007ff90e34d000 	C:\Windows\System32\combase.dll
0x00007ff90d3a0000 - 0x00007ff90d440000 	C:\Windows\System32\msvcp_win.dll
0x00007ff90dbd0000 - 0x00007ff90dcef000 	C:\Windows\System32\RPCRT4.dll
0x00007ff90d440000 - 0x00007ff90d4c2000 	C:\Windows\System32\bcryptPrimitives.dll
0x00007ff90de80000 - 0x00007ff90deae000 	C:\Windows\System32\IMM32.DLL
0x00007ff8f4520000 - 0x00007ff8f45bd000 	C:\Program Files\Android\Android Studio\jre\bin\msvcp140.dll
0x00007ff8e1dc0000 - 0x00007ff8e288f000 	C:\Program Files\Android\Android Studio\jre\bin\server\jvm.dll
0x00007ff90e9b0000 - 0x00007ff90ea54000 	C:\Windows\System32\ADVAPI32.dll
0x00007ff90dde0000 - 0x00007ff90de7e000 	C:\Windows\System32\sechost.dll
0x00007ff910300000 - 0x00007ff910308000 	C:\Windows\System32\PSAPI.DLL
0x00007ff90a730000 - 0x00007ff90a739000 	C:\Windows\SYSTEM32\WSOCK32.dll
0x00007ff907220000 - 0x00007ff90722a000 	C:\Windows\SYSTEM32\VERSION.dll
0x00007ff90a630000 - 0x00007ff90a654000 	C:\Windows\SYSTEM32\WINMM.dll
0x00007ff90e7d0000 - 0x00007ff90e83d000 	C:\Windows\System32\WS2_32.dll
0x00007ff90a600000 - 0x00007ff90a62d000 	C:\Windows\SYSTEM32\WINMMBASE.dll
0x00007ff90c790000 - 0x00007ff90c7da000 	C:\Windows\System32\cfgmgr32.dll
0x00007ff90c6e0000 - 0x00007ff90c6f1000 	C:\Windows\System32\kernel.appcore.dll
0x00007ff908ca0000 - 0x00007ff908cb1000 	C:\Program Files\Android\Android Studio\jre\bin\verify.dll
0x00007ff90b140000 - 0x00007ff90b32d000 	C:\Windows\SYSTEM32\DBGHELP.DLL
0x00007ff8f53b0000 - 0x00007ff8f53da000 	C:\Windows\SYSTEM32\dbgcore.DLL
0x00007ff9088b0000 - 0x00007ff9088d9000 	C:\Program Files\Android\Android Studio\jre\bin\java.dll
0x00007ff908de0000 - 0x00007ff908deb000 	C:\Program Files\Android\Android Studio\jre\bin\jimage.dll
0x00007ff908890000 - 0x00007ff9088a8000 	C:\Program Files\Android\Android Studio\jre\bin\zip.dll

dbghelp: loaded successfully - version: 4.0.5 - missing functions: none
symbol engine: initialized successfully - sym options: 0x614 - pdb path: .;C:\Program Files\Android\Android Studio\jre\bin;C:\Windows\SYSTEM32;C:\Windows\WinSxS\amd64_microsoft.windows.common-controls_6595b64144ccf1df_6.0.17763.2114_none_de6e8966534dbac6;C:\Program Files\Android\Android Studio\jre\bin\server

VM Arguments:
java_command: org.jetbrains.kotlin.cli.jvm.K2JVMCompiler @C:\Users\Solo4\AndroidStudioProjects\BelMova\app\build\20210918_15468792626339213744.compiler.options
java_class_path (initial): C:\Users\Solo4\.gradle\caches\modules-2\files-2.1\org.jetbrains.kotlin\kotlin-compiler-embeddable\1.4.31\6451ea797cef544e81f507b0d9959cd97ae09c0\kotlin-compiler-embeddable-1.4.31.jar;C:\Users\Solo4\.gradle\caches\modules-2\files-2.1\org.jetbrains.kotlin\kotlin-reflect\1.4.31\63db9d66c3d20f7b8f66196e7ba86969daae8b8a\kotlin-reflect-1.4.31.jar;C:\Users\Solo4\.gradle\caches\modules-2\files-2.1\org.jetbrains.kotlin\kotlin-stdlib\1.4.31\a58e0fb9812a6a93ca24b5da75e4b5a0cb89c957\kotlin-stdlib-1.4.31.jar;C:\Users\Solo4\.gradle\caches\modules-2\files-2.1\org.jetbrains.kotlin\kotlin-script-runtime\1.4.31\183616b52cfb8ddaa8a2a15bf926e87dfcddcde3\kotlin-script-runtime-1.4.31.jar;C:\Users\Solo4\.gradle\caches\modules-2\files-2.1\org.jetbrains.kotlin\kotlin-daemon-embeddable\1.4.31\10faf8ac3dd5975ed972b2bc395b4ffc7ffde246\kotlin-daemon-embeddable-1.4.31.jar;C:\Users\Solo4\.gradle\caches\modules-2\files-2.1\org.jetbrains.intellij.deps\trove4j\1.0.20181211\216c2e14b070f334479d800987affe4054cd563f\trove4j-1.0.20181211.jar;C:\Users\Solo4\.gradle\caches\modules-2\files-2.1\org.jetbrains.kotlin\kotlin-stdlib-common\1.4.31\6dd50665802f54ba9bc3f70ecb20227d1bc81323\kotlin-stdlib-common-1.4.31.jar;C:\Users\Solo4\.gradle\caches\modules-2\files-2.1\org.jetbrains\annotations\13.0\919f0dfe192fb4e063e7dacadee7f8bb9a2672a9\annotations-13.0.jar
Launcher Type: SUN_STANDARD

[Global flags]
     intx CICompilerCount                          = 4                                         {product} {ergonomic}
     uint ConcGCThreads                            = 3                                         {product} {ergonomic}
     uint G1ConcRefinementThreads                  = 10                                        {product} {ergonomic}
   size_t G1HeapRegionSize                         = 1048576                                   {product} {ergonomic}
    uintx GCDrainStackTargetSize                   = 64                                        {product} {ergonomic}
   size_t InitialHeapSize                          = 268435456                                 {product} {ergonomic}
   size_t MarkStackSize                            = 4194304                                   {product} {ergonomic}
   size_t MaxHeapSize                              = 4282384384                                {product} {ergonomic}
   size_t MinHeapDeltaBytes                        = 1048576                                   {product} {ergonomic}
    uintx NonNMethodCodeHeapSize                   = 5836300                                {pd product} {ergonomic}
    uintx NonProfiledCodeHeapSize                  = 122910970                              {pd product} {ergonomic}
    uintx ProfiledCodeHeapSize                     = 122910970                              {pd product} {ergonomic}
    uintx ReservedCodeCacheSize                    = 251658240                              {pd product} {ergonomic}
     bool SegmentedCodeCache                       = true                                      {product} {ergonomic}
     bool UseCompressedClassPointers               = true                                 {lp64_product} {ergonomic}
     bool UseCompressedOops                        = true                                 {lp64_product} {ergonomic}
     bool UseG1GC                                  = true                                      {product} {ergonomic}
     bool UseLargePagesIndividualAllocation        = false                                  {pd product} {ergonomic}

Logging:
Log output configuration:
 #0: stdout all=warning uptime,level,tags
 #1: stderr all=off uptime,level,tags

Environment Variables:
PATH=C:\Windows\system32;C:\Windows;C:\Windows\System32\Wbem;C:\Windows\System32\WindowsPowerShell\v1.0\;C:\Windows\System32\OpenSSH\;C:\Program Files (x86)\NVIDIA Corporation\PhysX\Common;C:\Program Files\NVIDIA Corporation\NVIDIA NvDLISR;C:\Users\Solo4\AppData\Local\Microsoft\WindowsApps;;C:\Program Files\JetBrains\IntelliJ IDEA Community Edition 2020.3.2\bin;
USERNAME=Solo4
OS=Windows_NT
PROCESSOR_IDENTIFIER=AMD64 Family 23 Model 8 Stepping 2, AuthenticAMD



---------------  S Y S T E M  ---------------

OS: Windows 10 , 64 bit Build 17763 (10.0.17763.2090)
OS uptime: 0 days 4:18 hours

CPU:total 12 (initial active 12) (12 cores per cpu, 2 threads per core) family 23 model 8 stepping 2 microcode 0x0, cmov, cx8, fxsr, mmx, sse, sse2, sse3, ssse3, sse4.1, sse4.2, popcnt, avx, avx2, aes, clmul, mmxext, 3dnowpref, lzcnt, sse4a, ht, tsc, tscinvbit, tscinv, bmi1, bmi2, adx, s

Memory: 4k page, system-wide physical 16332M (3800M free)
TotalPageFile size 18380M (AvailPageFile size 60M)
current process WorkingSet (physical memory assigned to process): 10M, peak: 10M
current process commit charge ("private bytes"): 64M, peak: 320M

vm_info: OpenJDK 64-Bit Server VM (11.0.10+0-b96-7249189) for windows-amd64 JRE (11.0.10+0-b96-7249189), built on Mar 31 2021 21:44:00 by "builder" with MS VC++ 14.0 (VS2015)

END.
